Base path: C:/Program Files/Unity/Editor/Data
Cmd: getPlatforms
Cmd: disassembleShader
  api=15 insize=617 outsize=1412 ok=1
Cmd: compileSnippet
  api=4 type=0 insize=2376 outsize=829 kw=PIXELSNAP_ON pd=UNITY_ENABLE_REFLECTION_BUFFERS UNITY_PBS_USE_BRDF1 UNITY_SPECCUBE_BOX_PROJECTION UNITY_SPECCUBE_BLENDING ok=1
Cmd: disassembleShader
  api=15 insize=829 outsize=1725 ok=1
Cmd: disassembleShader
  api=17 insize=8297 outsize=10949 ok=1
Cmd: compileSnippet
  error: 2 plat 8 at (100): maximum temp register index exceeded\nCompiling Fragment program
Platform defines: UNITY_NO_LINEAR_COLORSPACE UNITY_ENABLE_REFLECTION_BUFFERS UNITY_PBS_USE_BRDF3
  error: 2 plat 8 at (103): maximum temp register index exceeded\nCompiling Fragment program
Platform defines: UNITY_NO_LINEAR_COLORSPACE UNITY_ENABLE_REFLECTION_BUFFERS UNITY_PBS_USE_BRDF3
  api=8 type=1 insize=2376 outsize=0 kw= pd=UNITY_NO_LINEAR_COLORSPACE UNITY_ENABLE_REFLECTION_BUFFERS UNITY_PBS_USE_BRDF3 ok=0
Cmd: compileSnippet
  api=4 type=1 insize=2376 outsize=8297 kw=PIXELSNAP_ON pd=UNITY_ENABLE_REFLECTION_BUFFERS UNITY_PBS_USE_BRDF1 UNITY_SPECCUBE_BOX_PROJECTION UNITY_SPECCUBE_BLENDING ok=1
Cmd: disassembleShader
  api=17 insize=8297 outsize=10949 ok=1
Cmd: compileSnippet
  error: 2 plat 8 at (100): maximum temp register index exceeded\nCompiling Fragment program with PIXELSNAP_ON
Platform defines: UNITY_NO_LINEAR_COLORSPACE UNITY_ENABLE_REFLECTION_BUFFERS UNITY_PBS_USE_BRDF3
  error: 2 plat 8 at (103): maximum temp register index exceeded\nCompiling Fragment program with PIXELSNAP_ON
Platform defines: UNITY_NO_LINEAR_COLORSPACE UNITY_ENABLE_REFLECTION_BUFFERS UNITY_PBS_USE_BRDF3
  api=8 type=1 insize=2376 outsize=0 kw=PIXELSNAP_ON pd=UNITY_NO_LINEAR_COLORSPACE UNITY_ENABLE_REFLECTION_BUFFERS UNITY_PBS_USE_BRDF3 ok=0
Cmd: disassembleShader
  api=15 insize=617 outsize=1412 ok=1
Cmd: disassembleShader
  api=13 insize=873 outsize=2377 ok=1
Cmd: disassembleShader
  api=9 insize=596 outsize=947 ok=1
Cmd: disassembleShader
  api=15 insize=829 outsize=1725 ok=1
Cmd: disassembleShader
  api=13 insize=1281 outsize=3102 ok=1
Cmd: disassembleShader
  api=17 insize=8297 outsize=10949 ok=1
Cmd: compileSnippet
  error: 2 plat 8 at (100): maximum temp register index exceeded\nCompiling Fragment program
Platform defines: UNITY_NO_LINEAR_COLORSPACE UNITY_ENABLE_REFLECTION_BUFFERS UNITY_PBS_USE_BRDF3
  error: 2 plat 8 at (103): maximum temp register index exceeded\nCompiling Fragment program
Platform defines: UNITY_NO_LINEAR_COLORSPACE UNITY_ENABLE_REFLECTION_BUFFERS UNITY_PBS_USE_BRDF3
  api=8 type=1 insize=2376 outsize=0 kw= pd=UNITY_NO_LINEAR_COLORSPACE UNITY_ENABLE_REFLECTION_BUFFERS UNITY_PBS_USE_BRDF3 ok=0
Cmd: compileSnippet
  error: 2 plat 1 at (100): maximum temp register index exceeded\nCompiling Fragment program with PIXELSNAP_ON
Platform defines: UNITY_ENABLE_REFLECTION_BUFFERS UNITY_PBS_USE_BRDF1 UNITY_SPECCUBE_BOX_PROJECTION UNITY_SPECCUBE_BLENDING
  error: 2 plat 1 at (103): maximum temp register index exceeded\nCompiling Fragment program with PIXELSNAP_ON
Platform defines: UNITY_ENABLE_REFLECTION_BUFFERS UNITY_PBS_USE_BRDF1 UNITY_SPECCUBE_BOX_PROJECTION UNITY_SPECCUBE_BLENDING
  api=1 type=1 insize=2376 outsize=0 kw=PIXELSNAP_ON pd=UNITY_ENABLE_REFLECTION_BUFFERS UNITY_PBS_USE_BRDF1 UNITY_SPECCUBE_BOX_PROJECTION UNITY_SPECCUBE_BLENDING ok=0
Cmd: disassembleShader
  api=15 insize=617 outsize=1412 ok=1
Cmd: disassembleShader
  api=13 insize=873 outsize=2377 ok=1
Cmd: disassembleShader
  api=9 insize=596 outsize=947 ok=1
Cmd: disassembleShader
  api=15 insize=829 outsize=1725 ok=1
Cmd: disassembleShader
  api=13 insize=1281 outsize=3102 ok=1
Cmd: disassembleShader
  api=17 insize=8297 outsize=10949 ok=1
Cmd: compileSnippet
  error: 2 plat 8 at (100): maximum temp register index exceeded\nCompiling Fragment program
Platform defines: UNITY_NO_LINEAR_COLORSPACE UNITY_ENABLE_REFLECTION_BUFFERS UNITY_PBS_USE_BRDF3
  error: 2 plat 8 at (103): maximum temp register index exceeded\nCompiling Fragment program
Platform defines: UNITY_NO_LINEAR_COLORSPACE UNITY_ENABLE_REFLECTION_BUFFERS UNITY_PBS_USE_BRDF3
  api=8 type=1 insize=2376 outsize=0 kw= pd=UNITY_NO_LINEAR_COLORSPACE UNITY_ENABLE_REFLECTION_BUFFERS UNITY_PBS_USE_BRDF3 ok=0
Cmd: disassembleShader
  api=17 insize=8297 outsize=10949 ok=1
Cmd: compileSnippet
  error: 2 plat 8 at (100): maximum temp register index exceeded\nCompiling Fragment program with PIXELSNAP_ON
Platform defines: UNITY_NO_LINEAR_COLORSPACE UNITY_ENABLE_REFLECTION_BUFFERS UNITY_PBS_USE_BRDF3
  error: 2 plat 8 at (103): maximum temp register index exceeded\nCompiling Fragment program with PIXELSNAP_ON
Platform defines: UNITY_NO_LINEAR_COLORSPACE UNITY_ENABLE_REFLECTION_BUFFERS UNITY_PBS_USE_BRDF3
  api=8 type=1 insize=2376 outsize=0 kw=PIXELSNAP_ON pd=UNITY_NO_LINEAR_COLORSPACE UNITY_ENABLE_REFLECTION_BUFFERS UNITY_PBS_USE_BRDF3 ok=0
Cmd: disassembleShader
  api=15 insize=617 outsize=1412 ok=1
Cmd: compileSnippet
  api=8 type=0 insize=2924 outsize=873 kw= pd=UNITY_NO_LINEAR_COLORSPACE UNITY_ENABLE_REFLECTION_BUFFERS UNITY_PBS_USE_BRDF3 ok=1
Cmd: disassembleShader
  api=13 insize=873 outsize=2377 ok=1
Cmd: compileSnippet
  api=4 type=0 insize=2924 outsize=829 kw=PIXELSNAP_ON pd=UNITY_ENABLE_REFLECTION_BUFFERS UNITY_PBS_USE_BRDF1 UNITY_SPECCUBE_BOX_PROJECTION UNITY_SPECCUBE_BLENDING ok=1
Cmd: disassembleShader
  api=15 insize=829 outsize=1725 ok=1
Cmd: disassembleShader
  api=17 insize=953 outsize=1742 ok=1
Cmd: compileSnippet
  api=8 type=1 insize=2924 outsize=1517 kw= pd=UNITY_NO_LINEAR_COLORSPACE UNITY_ENABLE_REFLECTION_BUFFERS UNITY_PBS_USE_BRDF3 ok=1
Cmd: disassembleShader
  api=14 insize=1517 outsize=3259 ok=1
Cmd: compileSnippet
  api=4 type=1 insize=2924 outsize=953 kw=PIXELSNAP_ON pd=UNITY_ENABLE_REFLECTION_BUFFERS UNITY_PBS_USE_BRDF1 UNITY_SPECCUBE_BOX_PROJECTION UNITY_SPECCUBE_BLENDING ok=1
Cmd: disassembleShader
  api=17 insize=953 outsize=1742 ok=1
Cmd: disassembleShader
  api=15 insize=617 outsize=1412 ok=1
Cmd: disassembleShader
  api=13 insize=873 outsize=2377 ok=1
Cmd: disassembleShader
  api=9 insize=596 outsize=947 ok=1
Cmd: disassembleShader
  api=15 insize=829 outsize=1725 ok=1
Cmd: disassembleShader
  api=13 insize=1281 outsize=3102 ok=1
Cmd: disassembleShader
  api=17 insize=953 outsize=1742 ok=1
Cmd: disassembleShader
  api=11 insize=800 outsize=1251 ok=1
Cmd: disassembleShader
  api=14 insize=1517 outsize=3259 ok=1
Unhandled exception: Protocol error - failed to read correct magic number

Quitting shader compiler process
